<?xml version="1.0" encoding="UTF-8"?>
<!-- Generated by org.testng.reporters.JUnitReportReporter -->
<testsuite hostname="LAPTOP-EU9OVVSS" failures="0" tests="1" name="test.cases.CheckoutItemsE2ETest" time="17.745" errors="0" timestamp="2023-08-04T16:20:04 ICT" skipped="0">
  <testcase classname="test.cases.CheckoutItemsE2ETest" name="checkoutSeveralItemsUntilSuccessfullyTest" time="17.745"/>
  <system-out/>
</testsuite> <!-- test.cases.CheckoutItemsE2ETest -->
