<?xml version="1.0" encoding="UTF-8"?>
<!-- Generated by org.testng.reporters.JUnitReportReporter -->
<testsuite hostname="LAPTOP-OH5ER23C" failures="0" tests="5" name="test.cases.LoginTest" time="28.288" errors="0" timestamp="2023-07-16T23:00:52 ICT" skipped="0">
  <testcase classname="test.cases.LoginTest" name="loginWithCorrectData" time="5.566"/>
  <system-out/>
  <testcase classname="test.cases.LoginTest" name="loginWithIncorrectData" time="4.502"/>
  <system-out/>
  <testcase classname="test.cases.LoginTest" name="loginWithLockedOutAccount" time="5.773"/>
  <system-out/>
  <testcase classname="test.cases.LoginTest" name="loginWithProblemAccount" time="4.799"/>
  <system-out/>
  <testcase classname="test.cases.LoginTest" name="loginWithPerformanceGlitchAccount" time="7.648"/>
  <system-out/>
</testsuite> <!-- test.cases.LoginTest -->
