<?xml version="1.0" encoding="UTF-8"?>
<!-- Generated by org.testng.reporters.JUnitReportReporter -->
<testsuite hostname="LAPTOP-OH5ER23C" failures="0" tests="1" name="test.cases.vm.VendorRegistrationWithYopmailIndividualTest" time="141.284" errors="0" timestamp="2023-05-28T12:13:19 ICT" skipped="0">
  <testcase classname="test.cases.vm.VendorRegistrationWithYopmailIndividualTest" name="vendorRegistrationWithYopmailForeignCompanyTest" time="141.284"/>
  <system-out/>
</testsuite> <!-- test.cases.vm.VendorRegistrationWithYopmailIndividualTest -->
