<?xml version="1.0" encoding="UTF-8"?>
<!-- Generated by org.testng.reporters.JUnitReportReporter -->
<testsuite hostname="LAPTOP-OH5ER23C" failures="0" tests="1" name="test.cases.vm.VendorRegistrationWithYopmailForeignCompanyTest" time="159.934" errors="0" timestamp="2023-05-28T12:09:13 ICT" skipped="0">
  <testcase classname="test.cases.vm.VendorRegistrationWithYopmailForeignCompanyTest" name="vendorRegistrationForeignCompanyTest" time="159.934"/>
  <system-out/>
</testsuite> <!-- test.cases.vm.VendorRegistrationWithYopmailForeignCompanyTest -->
