<?xml version="1.0" encoding="UTF-8"?>
<!-- Generated by org.testng.reporters.JUnitReportReporter -->
<testsuite hostname="LAPTOP-EU9OVVSS" failures="0" tests="5" name="test.cases.LoginTest" time="27.221" errors="0" timestamp="2023-08-04T16:27:30 ICT" skipped="0">
  <testcase classname="test.cases.LoginTest" name="loginWithCorrectData" time="4.382"/>
  <system-out/>
  <testcase classname="test.cases.LoginTest" name="loginWithIncorrectData" time="6.472"/>
  <system-out/>
  <testcase classname="test.cases.LoginTest" name="loginWithLockedOutAccount" time="4.440"/>
  <system-out/>
  <testcase classname="test.cases.LoginTest" name="loginWithProblemAccount" time="4.500"/>
  <system-out/>
  <testcase classname="test.cases.LoginTest" name="loginWithPerformanceGlitchAccount" time="7.427"/>
  <system-out/>
</testsuite> <!-- test.cases.LoginTest -->
