<?xml version="1.0" encoding="UTF-8"?>
<!-- Generated by org.testng.reporters.JUnitReportReporter -->
<testsuite hostname="LAPTOP-OH5ER23C" failures="0" tests="1" name="test.cases.CheckoutItemsE2ETest" time="18.891" errors="0" timestamp="2023-07-16T22:28:47 ICT" skipped="0">
  <testcase classname="test.cases.CheckoutItemsE2ETest" name="checkoutSeveralItemsUntilSuccessfullyTest" time="18.891"/>
  <system-out/>
</testsuite> <!-- test.cases.CheckoutItemsE2ETest -->
