<?xml version="1.0" encoding="UTF-8"?>
<!-- Generated by org.testng.reporters.JUnitReportReporter -->
<testsuite hostname="LAPTOP-OH5ER23C" failures="0" tests="1" name="test.cases.vm.VendorRegistrationIndividualTest" time="95.423" errors="0" timestamp="2023-06-15T14:29:22 ICT" skipped="0">
  <testcase classname="test.cases.vm.VendorRegistrationIndividualTest" name="vendorRegistrationIndividualTest" time="95.423"/>
  <system-out/>
</testsuite> <!-- test.cases.vm.VendorRegistrationIndividualTest -->
