<?xml version="1.0" encoding="UTF-8"?>
<!-- Generated by org.testng.reporters.JUnitReportReporter -->
<testsuite hostname="LAPTOP-OH5ER23C" failures="0" tests="1" name="test.cases.ScratchTest" time="20.708" errors="0" timestamp="2023-07-16T15:33:48 ICT" skipped="0">
  <testcase classname="test.cases.ScratchTest" name="scratchTest" time="20.708"/>
  <system-out/>
</testsuite> <!-- test.cases.ScratchTest -->
