<?xml version="1.0" encoding="UTF-8"?>
<!-- Generated by org.testng.reporters.JUnitReportReporter -->
<testsuite hostname="LAPTOP-OH5ER23C" failures="0" tests="5" name="test.cases.LoginTest" time="27.096" errors="0" timestamp="2023-07-16T22:28:47 ICT" skipped="0">
  <testcase classname="test.cases.LoginTest" name="loginWithCorrectData" time="4.621"/>
  <system-out/>
  <testcase classname="test.cases.LoginTest" name="loginWithLockedOutAccount" time="4.560"/>
  <system-out/>
  <testcase classname="test.cases.LoginTest" name="loginWithIncorrectData" time="4.625"/>
  <system-out/>
  <testcase classname="test.cases.LoginTest" name="loginWithProblemAccount" time="4.762"/>
  <system-out/>
  <testcase classname="test.cases.LoginTest" name="loginWithPerformanceGlitchAccount" time="8.528"/>
  <system-out/>
</testsuite> <!-- test.cases.LoginTest -->
