<?xml version="1.0" encoding="UTF-8"?>
<!-- Generated by org.testng.reporters.JUnitReportReporter -->
<testsuite hostname="LAPTOP-EU9OVVSS" failures="0" tests="5" name="test.cases.LoginTest" time="27.382" errors="0" timestamp="2023-08-04T16:20:04 ICT" skipped="0">
  <testcase classname="test.cases.LoginTest" name="loginWithCorrectData" time="4.419"/>
  <system-out/>
  <testcase classname="test.cases.LoginTest" name="loginWithIncorrectData" time="4.364"/>
  <system-out/>
  <testcase classname="test.cases.LoginTest" name="loginWithLockedOutAccount" time="6.771"/>
  <system-out/>
  <testcase classname="test.cases.LoginTest" name="loginWithProblemAccount" time="4.468"/>
  <system-out/>
  <testcase classname="test.cases.LoginTest" name="loginWithPerformanceGlitchAccount" time="7.360"/>
  <system-out/>
</testsuite> <!-- test.cases.LoginTest -->
