<?xml version="1.0" encoding="UTF-8"?>
<!-- Generated by org.testng.reporters.JUnitReportReporter -->
<testsuite hostname="LAPTOP-OH5ER23C" failures="0" tests="1" name="test.cases.ForgotPasswordTest" time="15.941" errors="0" timestamp="2023-07-13T11:50:43 ICT" skipped="0">
  <testcase classname="test.cases.ForgotPasswordTest" name="forgotPasswordTest" time="15.941"/>
  <system-out/>
</testsuite> <!-- test.cases.ForgotPasswordTest -->
