<?xml version="1.0" encoding="UTF-8"?>
<!-- Generated by org.testng.reporters.JUnitReportReporter -->
<testsuite hostname="LAPTOP-OH5ER23C" failures="0" tests="1" name="test.VendorRegistrationForeignCompanyTest" time="125.821" errors="0" timestamp="2023-05-26T14:02:23 ICT" skipped="0">
  <testcase classname="test.VendorRegistrationForeignCompanyTest" name="vendorRegistrationForeignCompanyTest" time="125.821"/>
  <system-out/>
</testsuite> <!-- test.VendorRegistrationForeignCompanyTest -->
