<?xml version="1.0" encoding="UTF-8"?>
<!-- Generated by org.testng.reporters.JUnitReportReporter -->
<testsuite hostname="LAPTOP-OH5ER23C" failures="0" tests="1" name="test.VendorRegistrationIndividualTest" time="134.449" errors="0" timestamp="2023-05-26T14:02:23 ICT" skipped="0">
  <testcase classname="test.VendorRegistrationIndividualTest" name="vendorRegistrationIndividualTest" time="134.449"/>
  <system-out/>
</testsuite> <!-- test.VendorRegistrationIndividualTest -->
