<?xml version="1.0" encoding="UTF-8"?>
<!-- Generated by org.testng.reporters.JUnitReportReporter -->
<testsuite hostname="LAPTOP-EU9OVVSS" failures="0" tests="5" name="test.cases.LoginTest" time="30.795" errors="0" timestamp="2023-08-04T16:29:14 ICT" skipped="0">
  <testcase classname="test.cases.LoginTest" name="loginWithCorrectData" time="10.117"/>
  <system-out/>
  <testcase classname="test.cases.LoginTest" name="loginWithIncorrectData" time="4.352"/>
  <system-out/>
  <testcase classname="test.cases.LoginTest" name="loginWithLockedOutAccount" time="4.430"/>
  <system-out/>
  <testcase classname="test.cases.LoginTest" name="loginWithProblemAccount" time="4.453"/>
  <system-out/>
  <testcase classname="test.cases.LoginTest" name="loginWithPerformanceGlitchAccount" time="7.443"/>
  <system-out/>
</testsuite> <!-- test.cases.LoginTest -->
